<?xml version="1.0" encoding="UTF-8"?>
<coverage generated="1584328906909" clover="3.2.0">
  <project timestamp="1584328906909" name="All files">
    <metrics statements="5" coveredstatements="5" conditionals="0" coveredconditionals="0" methods="3" coveredmethods="3" elements="8" coveredelements="8" complexity="0" loc="5" ncloc="5" packages="1" files="1" classes="1"/>
    <file name="math.js" path="E:\frontStudy\jest\math.js">
      <metrics statements="5" coveredstatements="5" conditionals="0" coveredconditionals="0" methods="3" coveredmethods="3"/>
      <line num="9" count="1" type="stmt"/>
      <line num="13" count="1" type="stmt"/>
      <line num="17" count="1" type="stmt"/>
      <line num="20" count="1" type="stmt"/>
      <line num="21" count="1" type="stmt"/>
    </file>
  </project>
</coverage>
