{"E:\\frontStudy\\jest\\math.js": {"path":"E:\\frontStudy\\jest\\math.js","statementMap":{"0":{"start":{"line":9,"column":2},"end":{"line":9,"column":15}},"1":{"start":{"line":13,"column":2},"end":{"line":13,"column":15}},"2":{"start":{"line":17,"column":2},"end":{"line":17,"column":15}},"3":{"start":{"line":20,"column":0},"end":{"line":28,"column":1}},"4":{"start":{"line":21,"column":2},"end":{"line":25,"column":3}}},"fnMap":{"0":{"name":"add","decl":{"start":{"line":8,"column":9},"end":{"line":8,"column":12}},"loc":{"start":{"line":8,"column":19},"end":{"line":10,"column":1}},"line":8},"1":{"name":"multiply","decl":{"start":{"line":12,"column":9},"end":{"line":12,"column":17}},"loc":{"start":{"line":12,"column":24},"end":{"line":14,"column":1}},"line":12},"2":{"name":"minus","decl":{"start":{"line":16,"column":9},"end":{"line":16,"column":14}},"loc":{"start":{"line":16,"column":21},"end":{"line":18,"column":1}},"line":16}},"branchMap":{},"s":{"0":1,"1":1,"2":1,"3":1,"4":1},"f":{"0":1,"1":1,"2":1},"b":{},"_coverageSchema":"43e27e138ebf9cfc5966b082cf9a028302ed4184","hash":"c6d905d85d903dda6c2ac1213fc5d4c9466af851"}
}
